Using pre-set license
Built from '2021.3/staging' branch; Version is '2021.3.6f1 (7da38d85baf6) revision 8233869'; Using compiler version '192829333'; Build Type 'Release'
OS: 'Windows 11  (10.0.22631) 64bit Professional' Language: 'en' Physical Memory: 32677 MB
BatchMode: 1, IsHumanControllingUs: 0, StartBugReporterOnCrash: 0, Is64bit: 1, IsPro: 1

COMMAND LINE ARGUMENTS:
C:\Program Files\Unity\Hub\Editor\2021.3.6f1\Editor\Unity.exe
-adb2
-batchMode
-noUpm
-name
AssetImportWorker2
-projectPath
C:/Users/owena/Tanks
-logFile
Logs/AssetImportWorker2.log
-srvPort
52457
Successfully changed project path to: C:/Users/owena/Tanks
C:/Users/owena/Tanks
[UnityMemory] Configuration Parameters - Can be set up in boot.config
    "memorysetup-bucket-allocator-granularity=16"
    "memorysetup-bucket-allocator-bucket-count=8"
    "memorysetup-bucket-allocator-block-size=33554432"
    "memorysetup-bucket-allocator-block-count=8"
    "memorysetup-main-allocator-block-size=16777216"
    "memorysetup-thread-allocator-block-size=16777216"
    "memorysetup-gfx-main-allocator-block-size=16777216"
    "memorysetup-gfx-thread-allocator-block-size=16777216"
    "memorysetup-cache-allocator-block-size=4194304"
    "memorysetup-typetree-allocator-block-size=2097152"
    "memorysetup-profiler-bucket-allocator-granularity=16"
    "memorysetup-profiler-bucket-allocator-bucket-count=8"
    "memorysetup-profiler-bucket-allocator-block-size=33554432"
    "memorysetup-profiler-bucket-allocator-block-count=8"
    "memorysetup-profiler-allocator-block-size=16777216"
    "memorysetup-profiler-editor-allocator-block-size=1048576"
    "memorysetup-temp-allocator-size-main=16777216"
    "memorysetup-job-temp-allocator-block-size=2097152"
    "memorysetup-job-temp-allocator-block-size-background=1048576"
    "memorysetup-job-temp-allocator-reduction-small-platforms=262144"
    "memorysetup-temp-allocator-size-background-worker=32768"
    "memorysetup-temp-allocator-size-job-worker=262144"
    "memorysetup-temp-allocator-size-preload-manager=33554432"
    "memorysetup-temp-allocator-size-nav-mesh-worker=65536"
    "memorysetup-temp-allocator-size-audio-worker=65536"
    "memorysetup-temp-allocator-size-cloud-worker=32768"
    "memorysetup-temp-allocator-size-gi-baking-worker=262144"
    "memorysetup-temp-allocator-size-gfx=262144"
Refreshing native plugins compatible for Editor in 113.90 ms, found 3 plugins.
Preloading 0 native plugins for Editor in 0.00 ms.
Initialize engine version: 2021.3.6f1 (7da38d85baf6)
[Subsystems] Discovering subsystems at path C:/Program Files/Unity/Hub/Editor/2021.3.6f1/Editor/Data/Resources/UnitySubsystems
[Subsystems] Discovering subsystems at path C:/Users/owena/Tanks/Assets
GfxDevice: creating device client; threaded=0; jobified=0
Direct3D:
    Version:  Direct3D 11.0 [level 11.1]
    Renderer: NVIDIA GeForce RTX 3080 (ID=0x2206)
    Vendor:   NVIDIA
    VRAM:     10053 MB
    Driver:   32.0.15.6094
Initialize mono
Mono path[0] = 'C:/Program Files/Unity/Hub/Editor/2021.3.6f1/Editor/Data/Managed'
Mono path[1] = 'C:/Program Files/Unity/Hub/Editor/2021.3.6f1/Editor/Data/MonoBleedingEdge/lib/mono/unityjit-win32'
Mono config path = 'C:/Program Files/Unity/Hub/Editor/2021.3.6f1/Editor/Data/MonoBleedingEdge/etc'
Using monoOptions --debugger-agent=transport=dt_socket,embedding=1,server=y,suspend=n,address=127.0.0.1:56524
Begin MonoManager ReloadAssembly
Registering precompiled unity dll's ...
Register platform support module: C:/Program Files/Unity/Hub/Editor/2021.3.6f1/Editor/Data/PlaybackEngines/WindowsStandaloneSupport/UnityEditor.WindowsStandalone.Extensions.dll
Registered in 0.004949 seconds.
Native extension for WindowsStandalone target not found
Refreshing native plugins compatible for Editor in 100.55 ms, found 3 plugins.
Preloading 0 native plugins for Editor in 0.00 ms.
Mono: successfully reloaded assembly
- Completed reload, in  0.514 seconds
Domain Reload Profiling:
	ReloadAssembly (514ms)
		BeginReloadAssembly (60ms)
			ExecutionOrderSort (0ms)
			DisableScriptedObjects (0ms)
			BackupInstance (0ms)
			ReleaseScriptingObjects (0ms)
			CreateAndSetChildDomain (0ms)
		EndReloadAssembly (364ms)
			LoadAssemblies (58ms)
			RebuildTransferFunctionScriptingTraits (0ms)
			SetupTypeCache (70ms)
			ReleaseScriptCaches (0ms)
			RebuildScriptCaches (17ms)
			SetupLoadedEditorAssemblies (237ms)
				LogAssemblyErrors (0ms)
				InitializePlatformSupportModulesInManaged (6ms)
				SetLoadedEditorAssemblies (0ms)
				RefreshPlugins (101ms)
				BeforeProcessingInitializeOnLoad (1ms)
				ProcessInitializeOnLoadAttributes (99ms)
				ProcessInitializeOnLoadMethodAttributes (31ms)
				AfterProcessingInitializeOnLoad (0ms)
				EditorAssembliesLoaded (0ms)
			ExecutionOrderSort2 (0ms)
			AwakeInstancesAfterBackupRestoration (0ms)
Platform modules already initialized, skipping
Registering precompiled user dll's ...
Registered in 0.009576 seconds.
Begin MonoManager ReloadAssembly
Symbol file LoadedFromMemory doesn't match image C:\Users\owena\Tanks\Library\PackageCache\com.unity.visualscripting@1.7.8\Editor\VisualScripting.Core\Dependencies\DotNetZip\Unity.VisualScripting.IonicZip.dll
Symbol file LoadedFromMemory doesn't match image C:\Users\owena\Tanks\Library\PackageCache\com.unity.visualscripting@1.7.8\Editor\VisualScripting.Core\Dependencies\YamlDotNet\Unity.VisualScripting.YamlDotNet.dll
Native extension for WindowsStandalone target not found
Refreshing native plugins compatible for Editor in 110.36 ms, found 3 plugins.
Preloading 0 native plugins for Editor in 0.00 ms.
Package Manager log level set to [2]
Mono: successfully reloaded assembly
- Completed reload, in  1.310 seconds
Domain Reload Profiling:
	ReloadAssembly (1311ms)
		BeginReloadAssembly (89ms)
			ExecutionOrderSort (0ms)
			DisableScriptedObjects (4ms)
			BackupInstance (0ms)
			ReleaseScriptingObjects (0ms)
			CreateAndSetChildDomain (16ms)
		EndReloadAssembly (1130ms)
			LoadAssemblies (88ms)
			RebuildTransferFunctionScriptingTraits (0ms)
			SetupTypeCache (319ms)
			ReleaseScriptCaches (1ms)
			RebuildScriptCaches (68ms)
			SetupLoadedEditorAssemblies (610ms)
				LogAssemblyErrors (0ms)
				InitializePlatformSupportModulesInManaged (3ms)
				SetLoadedEditorAssemblies (0ms)
				RefreshPlugins (110ms)
				BeforeProcessingInitializeOnLoad (123ms)
				ProcessInitializeOnLoadAttributes (235ms)
				ProcessInitializeOnLoadMethodAttributes (132ms)
				AfterProcessingInitializeOnLoad (7ms)
				EditorAssembliesLoaded (0ms)
			ExecutionOrderSort2 (0ms)
			AwakeInstancesAfterBackupRestoration (5ms)
Platform modules already initialized, skipping
========================================================================
Worker process is ready to serve import requests
Launched and connected shader compiler UnityShaderCompiler.exe after 0.04 seconds
Refreshing native plugins compatible for Editor in 2.23 ms, found 3 plugins.
Preloading 0 native plugins for Editor in 0.00 ms.
Unloading 5952 Unused Serialized files (Serialized files now loaded: 0)
Unloading 86 unused Assets / (1.9 MB). Loaded Objects now: 6362.
Memory consumption went from 231.8 MB to 229.8 MB.
Total: 7.723900 ms (FindLiveObjects: 0.456200 ms CreateObjectMapping: 0.152000 ms MarkObjects: 6.603000 ms  DeleteObjects: 0.511800 ms)

AssetImportParameters requested are different than current active one (requested -> active):
  custom:video-decoder-ogg-theora: a1e56fd34408186e4bbccfd4996cb3dc -> 
  custom:container-muxer-webm: aa71ff27fc2769a1b78a27578f13a17b -> 
  custom:container-demuxer-webm: 4f35f7cbe854078d1ac9338744f61a02 -> 
  custom:video-encoder-webm-vp8: eb34c28f22e8b96e1ab97ce403110664 -> 
  custom:audio-encoder-webm-vorbis: bf7c407c2cedff20999df2af8eb42d56 -> 
  custom:framework-win-MediaFoundation: 216162199b28c13a410421893ffa2e32 -> 
  custom:container-demuxer-ogg: 62fdf1f143b41e24485cea50d1cbac27 -> 
  custom:video-decoder-webm-vp8: 9c59270c3fd7afecdb556c50c9e8de78 -> 
  custom:audio-decoder-ogg-vorbis: bf7c407c2cedff20999df2af8eb42d56 -> 
========================================================================
Received Import Request.
  Time since last request: 198347.733077 seconds.
  path: Assets/Materials/BuildingWhite.mat
  artifactKey: Guid(d0c31a39c426da94496d2abbf928d525) Importer(815301076,1909f56bfc062723c751e8b465ee728b)
Start importing Assets/Materials/BuildingWhite.mat using Guid(d0c31a39c426da94496d2abbf928d525) Importer(815301076,1909f56bfc062723c751e8b465ee728b)  -> (artifact id: '9881dfef18a9a9f981dea41876c1fef7') in 0.220053 seconds 
========================================================================
Received Import Request.
  Time since last request: 0.000022 seconds.
  path: Assets/Materials/Blue.mat
  artifactKey: Guid(ff21ff0ea9b18924bb1fdfbb0e58f5cb) Importer(815301076,1909f56bfc062723c751e8b465ee728b)
Start importing Assets/Materials/Blue.mat using Guid(ff21ff0ea9b18924bb1fdfbb0e58f5cb) Importer(815301076,1909f56bfc062723c751e8b465ee728b)  -> (artifact id: '97166f16478a1db7cff9069bcd2be576') in 0.019965 seconds 
========================================================================
Received Import Request.
  Time since last request: 0.000037 seconds.
  path: Assets/Materials/TankLights.mat
  artifactKey: Guid(574c4e070e5dd0a40a02b979f582a836) Importer(815301076,1909f56bfc062723c751e8b465ee728b)
Start importing Assets/Materials/TankLights.mat using Guid(574c4e070e5dd0a40a02b979f582a836) Importer(815301076,1909f56bfc062723c751e8b465ee728b)  -> (artifact id: '00b69883ae75df69e7c77d092bfefd62') in 0.020778 seconds 
========================================================================
Received Import Request.
  Time since last request: 0.000039 seconds.
  path: Assets/Materials/Red.mat
  artifactKey: Guid(463052f3f7389124f9e7b34b0b931d0d) Importer(815301076,1909f56bfc062723c751e8b465ee728b)
Start importing Assets/Materials/Red.mat using Guid(463052f3f7389124f9e7b34b0b931d0d) Importer(815301076,1909f56bfc062723c751e8b465ee728b)  -> (artifact id: '983e57eaad83ead5997088295c794645') in 0.021413 seconds 
========================================================================
Received Import Request.
  Time since last request: 0.000019 seconds.
  path: Assets/Materials/BuildingGrey.mat
  artifactKey: Guid(87d2e70ca18454e4f855f8d99afb32e3) Importer(815301076,1909f56bfc062723c751e8b465ee728b)
Start importing Assets/Materials/BuildingGrey.mat using Guid(87d2e70ca18454e4f855f8d99afb32e3) Importer(815301076,1909f56bfc062723c751e8b465ee728b)  -> (artifact id: '44e19229315188f928609c0cd8dc7e53') in 0.015681 seconds 
========================================================================
Received Import Request.
  Time since last request: 0.101087 seconds.
  path: Assets/_Completed-Assets/AudioMixers/CompleteMainMix.mixer
  artifactKey: Guid(86a7353f2579d476fbaa7f161c2e5d00) Importer(815301076,1909f56bfc062723c751e8b465ee728b)
Start importing Assets/_Completed-Assets/AudioMixers/CompleteMainMix.mixer using Guid(86a7353f2579d476fbaa7f161c2e5d00) Importer(815301076,1909f56bfc062723c751e8b465ee728b)  -> (artifact id: '3f1de0795e977c75a53efad28c53cde4') in 0.012101 seconds 
========================================================================
Received Import Request.
  Time since last request: 35.503925 seconds.
  path: Assets/AudioMixers
  artifactKey: Guid(c5a2b3380238f5b4a8d7ea71827cafa7) Importer(815301076,1909f56bfc062723c751e8b465ee728b)
Start importing Assets/AudioMixers using Guid(c5a2b3380238f5b4a8d7ea71827cafa7) Importer(815301076,1909f56bfc062723c751e8b465ee728b)  -> (artifact id: '3b79a36d0ff1ae8ae604c2e8edc369d5') in 0.007206 seconds 
========================================================================
Received Import Request.
  Time since last request: 19.098952 seconds.
  path: Assets/AudioMixers/New LightmapParameters.giparams
  artifactKey: Guid(8eafc052f5506cc48b184d86bd602848) Importer(815301076,1909f56bfc062723c751e8b465ee728b)
Start importing Assets/AudioMixers/New LightmapParameters.giparams using Guid(8eafc052f5506cc48b184d86bd602848) Importer(815301076,1909f56bfc062723c751e8b465ee728b)  -> (artifact id: 'a7f6e9da573a23b18f3bc160534b35b2') in 0.008796 seconds 
========================================================================
Received Import Request.
  Time since last request: 12.619451 seconds.
  path: Assets/AudioMixers/MainMixer.mixer
  artifactKey: Guid(6c322855c7a95d24c9ba515bae6c62d3) Importer(815301076,1909f56bfc062723c751e8b465ee728b)
Start importing Assets/AudioMixers/MainMixer.mixer using Guid(6c322855c7a95d24c9ba515bae6c62d3) Importer(815301076,1909f56bfc062723c751e8b465ee728b)  -> (artifact id: '82269750b3972becb8a505784fd100d4') in 0.006402 seconds 
========================================================================
Received Import Request.
  Time since last request: 43.347350 seconds.
  path: Assets/AudioMixers/MainMixer.mixer
  artifactKey: Guid(6c322855c7a95d24c9ba515bae6c62d3) Importer(815301076,1909f56bfc062723c751e8b465ee728b)
Start importing Assets/AudioMixers/MainMixer.mixer using Guid(6c322855c7a95d24c9ba515bae6c62d3) Importer(815301076,1909f56bfc062723c751e8b465ee728b)  -> (artifact id: '883a578b7c3aa97cd4cf483bcb1a12b3') in 0.002404 seconds 
========================================================================
Received Import Request.
  Time since last request: 4.717407 seconds.
  path: Assets/AudioMixers/MainMixer.mixer
  artifactKey: Guid(6c322855c7a95d24c9ba515bae6c62d3) Importer(815301076,1909f56bfc062723c751e8b465ee728b)
Start importing Assets/AudioMixers/MainMixer.mixer using Guid(6c322855c7a95d24c9ba515bae6c62d3) Importer(815301076,1909f56bfc062723c751e8b465ee728b)  -> (artifact id: 'a26af4567bbcd88f5a6792e9ea275688') in 0.002399 seconds 
========================================================================
Received Import Request.
  Time since last request: 6.185309 seconds.
  path: Assets/AudioMixers/MainMixer.mixer
  artifactKey: Guid(6c322855c7a95d24c9ba515bae6c62d3) Importer(815301076,1909f56bfc062723c751e8b465ee728b)
Start importing Assets/AudioMixers/MainMixer.mixer using Guid(6c322855c7a95d24c9ba515bae6c62d3) Importer(815301076,1909f56bfc062723c751e8b465ee728b)  -> (artifact id: '6b155f35cff8842f177f4ab9483e5dfe') in 0.002400 seconds 
========================================================================
Received Import Request.
  Time since last request: 2.270587 seconds.
  path: Assets/AudioMixers/MainMixer.mixer
  artifactKey: Guid(6c322855c7a95d24c9ba515bae6c62d3) Importer(815301076,1909f56bfc062723c751e8b465ee728b)
Start importing Assets/AudioMixers/MainMixer.mixer using Guid(6c322855c7a95d24c9ba515bae6c62d3) Importer(815301076,1909f56bfc062723c751e8b465ee728b)  -> (artifact id: 'b909776a328d9ce18c901f24a7891296') in 0.002443 seconds 
========================================================================
Received Import Request.
  Time since last request: 6.861158 seconds.
  path: Assets/AudioMixers/MainMixer.mixer
  artifactKey: Guid(6c322855c7a95d24c9ba515bae6c62d3) Importer(815301076,1909f56bfc062723c751e8b465ee728b)
Start importing Assets/AudioMixers/MainMixer.mixer using Guid(6c322855c7a95d24c9ba515bae6c62d3) Importer(815301076,1909f56bfc062723c751e8b465ee728b)  -> (artifact id: '6fb6e8c8cce020bab9be3652b25c3775') in 0.002662 seconds 
========================================================================
Received Import Request.
  Time since last request: 9.671987 seconds.
  path: Assets/AudioMixers/MainMixer.mixer
  artifactKey: Guid(6c322855c7a95d24c9ba515bae6c62d3) Importer(815301076,1909f56bfc062723c751e8b465ee728b)
Start importing Assets/AudioMixers/MainMixer.mixer using Guid(6c322855c7a95d24c9ba515bae6c62d3) Importer(815301076,1909f56bfc062723c751e8b465ee728b)  -> (artifact id: '9be41a964997dfbedaa3c36a0c42786b') in 0.002754 seconds 
========================================================================
Received Import Request.
  Time since last request: 3.001864 seconds.
  path: Assets/AudioMixers/MainMixer.mixer
  artifactKey: Guid(6c322855c7a95d24c9ba515bae6c62d3) Importer(815301076,1909f56bfc062723c751e8b465ee728b)
Start importing Assets/AudioMixers/MainMixer.mixer using Guid(6c322855c7a95d24c9ba515bae6c62d3) Importer(815301076,1909f56bfc062723c751e8b465ee728b)  -> (artifact id: '9558059b39a0b461eecd64b29c03450a') in 0.002654 seconds 
========================================================================
Received Import Request.
  Time since last request: 13.310520 seconds.
  path: Assets/AudioMixers/MainMixer.mixer
  artifactKey: Guid(6c322855c7a95d24c9ba515bae6c62d3) Importer(815301076,1909f56bfc062723c751e8b465ee728b)
Start importing Assets/AudioMixers/MainMixer.mixer using Guid(6c322855c7a95d24c9ba515bae6c62d3) Importer(815301076,1909f56bfc062723c751e8b465ee728b)  -> (artifact id: '09e3c4f66ceb92c4b79c85dc6f46abcb') in 0.002703 seconds 
========================================================================
Received Import Request.
  Time since last request: 41.666277 seconds.
  path: Assets/Prefabs/Tank.prefab
  artifactKey: Guid(e38a2162ff3717a4e92a16c421bef6b1) Importer(815301076,1909f56bfc062723c751e8b465ee728b)
Start importing Assets/Prefabs/Tank.prefab using Guid(e38a2162ff3717a4e92a16c421bef6b1) Importer(815301076,1909f56bfc062723c751e8b465ee728b)  -> (artifact id: '72f9a814b54d6c865b01bf160384a86d') in 0.050613 seconds 
========================================================================
Received Import Request.
  Time since last request: 12.762863 seconds.
  path: Assets/Prefabs/Tank.prefab
  artifactKey: Guid(e38a2162ff3717a4e92a16c421bef6b1) Importer(815301076,1909f56bfc062723c751e8b465ee728b)
Start importing Assets/Prefabs/Tank.prefab using Guid(e38a2162ff3717a4e92a16c421bef6b1) Importer(815301076,1909f56bfc062723c751e8b465ee728b)  -> (artifact id: 'c8d1c5b28f8012cbf4177b02040aa0cc') in 0.031849 seconds 
========================================================================
Received Import Request.
  Time since last request: 146.703781 seconds.
  path: Assets/Prefabs/Shell.prefab
  artifactKey: Guid(30926854751f11e4d8fc00ce37704965) Importer(815301076,1909f56bfc062723c751e8b465ee728b)
Start importing Assets/Prefabs/Shell.prefab using Guid(30926854751f11e4d8fc00ce37704965) Importer(815301076,1909f56bfc062723c751e8b465ee728b)  -> (artifact id: '931bbb06592f0c696f5c65d64f468c9a') in 0.017928 seconds 
========================================================================
Received Import Request.
  Time since last request: 45.457757 seconds.
  path: Assets/Prefabs/Tank.prefab
  artifactKey: Guid(e38a2162ff3717a4e92a16c421bef6b1) Importer(815301076,1909f56bfc062723c751e8b465ee728b)
Start importing Assets/Prefabs/Tank.prefab using Guid(e38a2162ff3717a4e92a16c421bef6b1) Importer(815301076,1909f56bfc062723c751e8b465ee728b)  -> (artifact id: 'bb5945fa428cce584fe9607823963897') in 0.027718 seconds 
========================================================================
Received Import Request.
  Time since last request: 204.463266 seconds.
  path: Assets/AudioMixers/MainMixer.mixer
  artifactKey: Guid(6c322855c7a95d24c9ba515bae6c62d3) Importer(815301076,1909f56bfc062723c751e8b465ee728b)
Start importing Assets/AudioMixers/MainMixer.mixer using Guid(6c322855c7a95d24c9ba515bae6c62d3) Importer(815301076,1909f56bfc062723c751e8b465ee728b)  -> (artifact id: '1eb5075e986afe4ce3f3c0e172b341e0') in 0.002527 seconds 
========================================================================
Received Prepare
Registering precompiled user dll's ...
Registered in 0.008036 seconds.
Begin MonoManager ReloadAssembly
Symbol file LoadedFromMemory doesn't match image C:\Users\owena\Tanks\Library\PackageCache\com.unity.visualscripting@1.7.8\Editor\VisualScripting.Core\Dependencies\DotNetZip\Unity.VisualScripting.IonicZip.dll
Symbol file LoadedFromMemory doesn't match image C:\Users\owena\Tanks\Library\PackageCache\com.unity.visualscripting@1.7.8\Editor\VisualScripting.Core\Dependencies\YamlDotNet\Unity.VisualScripting.YamlDotNet.dll
Native extension for WindowsStandalone target not found
Refreshing native plugins compatible for Editor in 1.16 ms, found 3 plugins.
Preloading 0 native plugins for Editor in 0.00 ms.
Mono: successfully reloaded assembly
- Completed reload, in  1.068 seconds
Domain Reload Profiling:
	ReloadAssembly (1068ms)
		BeginReloadAssembly (138ms)
			ExecutionOrderSort (0ms)
			DisableScriptedObjects (6ms)
			BackupInstance (0ms)
			ReleaseScriptingObjects (0ms)
			CreateAndSetChildDomain (45ms)
		EndReloadAssembly (848ms)
			LoadAssemblies (91ms)
			RebuildTransferFunctionScriptingTraits (0ms)
			SetupTypeCache (236ms)
			ReleaseScriptCaches (2ms)
			RebuildScriptCaches (36ms)
			SetupLoadedEditorAssemblies (425ms)
				LogAssemblyErrors (0ms)
				InitializePlatformSupportModulesInManaged (10ms)
				SetLoadedEditorAssemblies (0ms)
				RefreshPlugins (1ms)
				BeforeProcessingInitializeOnLoad (88ms)
				ProcessInitializeOnLoadAttributes (189ms)
				ProcessInitializeOnLoadMethodAttributes (128ms)
				AfterProcessingInitializeOnLoad (8ms)
				EditorAssembliesLoaded (0ms)
			ExecutionOrderSort2 (0ms)
			AwakeInstancesAfterBackupRestoration (10ms)
Platform modules already initialized, skipping
Refreshing native plugins compatible for Editor in 6.19 ms, found 3 plugins.
Preloading 0 native plugins for Editor in 0.00 ms.
Unloading 5795 Unused Serialized files (Serialized files now loaded: 0)
Unloading 77 unused Assets / (1.9 MB). Loaded Objects now: 6450.
Memory consumption went from 226.3 MB to 224.4 MB.
Total: 6.745600 ms (FindLiveObjects: 0.384200 ms CreateObjectMapping: 0.196200 ms MarkObjects: 5.617300 ms  DeleteObjects: 0.547200 ms)

AssetImportParameters requested are different than current active one (requested -> active):
  custom:video-decoder-ogg-theora: a1e56fd34408186e4bbccfd4996cb3dc -> 
  custom:container-muxer-webm: aa71ff27fc2769a1b78a27578f13a17b -> 
  custom:container-demuxer-webm: 4f35f7cbe854078d1ac9338744f61a02 -> 
  custom:video-encoder-webm-vp8: eb34c28f22e8b96e1ab97ce403110664 -> 
  custom:audio-encoder-webm-vorbis: bf7c407c2cedff20999df2af8eb42d56 -> 
  custom:framework-win-MediaFoundation: 216162199b28c13a410421893ffa2e32 -> 
  custom:container-demuxer-ogg: 62fdf1f143b41e24485cea50d1cbac27 -> 
  custom:video-decoder-webm-vp8: 9c59270c3fd7afecdb556c50c9e8de78 -> 
  custom:audio-decoder-ogg-vorbis: bf7c407c2cedff20999df2af8eb42d56 -> 
